<?xml version="1.0" encoding="UTF-8"?>
<!-- Generated by org.testng.reporters.JUnitReportReporter -->
<testsuite skipped="0" hostname="DESKTOP-R526S7I" name="com.edureka.autoIt.LoggerDemo" tests="1" failures="0" timestamp="08 May 2018 07:58:07 GMT" time="0.015" errors="0">
  <testcase name="loggerDemo" time="0.015" classname="com.edureka.autoIt.LoggerDemo"/>
</testsuite> <!-- com.edureka.autoIt.LoggerDemo -->
