<?xml version="1.0" encoding="UTF-8"?>
<!-- Generated by org.testng.reporters.JUnitReportReporter -->
<testsuite hostname="DESKTOP-R526S7I" failures="0" tests="1" name="com.edureka.autoIt.composeEmailWithAttachment" time="36.868" errors="0" timestamp="07 May 2018 11:12:24 GMT" skipped="0">
  <testcase classname="com.edureka.autoIt.composeEmailWithAttachment" name="emailTest" time="36.868"/>
</testsuite> <!-- com.edureka.autoIt.composeEmailWithAttachment -->
