<?xml version="1.0" encoding="UTF-8"?>
<!-- Generated by org.testng.reporters.JUnitReportReporter -->
<testsuite skipped="0" hostname="DESKTOP-R526S7I" name="com.edureka.autoIt.loginFacebook" tests="1" failures="0" timestamp="08 May 2018 06:46:03 GMT" time="28.322" errors="0">
  <testcase name="loginToFacebook" time="28.322" classname="com.edureka.autoIt.loginFacebook"/>
</testsuite> <!-- com.edureka.autoIt.loginFacebook -->
